app/build/outputs/logs/manifest-merger-debug-report.txt
-- Merging decision tree log ---
manifest
ADDED from src\main\AndroidManifest.xml:1:1-40:12
INJECTED from src\main\AndroidManifest.xml:1:1-40:12
INJECTED from src\main\AndroidManifest.xml:1:1-40:12
INJECTED from src\main\AndroidManifest.xml:1:1-40:12
MERGED from [com.android.support:design:27.1.1] AndroidManifest.xml:17:1-22:12
MERGED from [com.facebook.android:facebook-android-sdk:4.33.0] AndroidManifest.xml:21:1-31:12
MERGED from [com.facebook.android:facebook-login:4.33.0] AndroidManifest.xml:21:1-31:12
MERGED from [com.facebook.android:facebook-share:4.33.0] AndroidManifest.xml:21:1-31:12
MERGED from [com.facebook.android:facebook-common:4.33.0] AndroidManifest.xml:21:1-36:12
MERGED from [com.android.support:appcompat-v7:27.1.1] AndroidManifest.xml:17:1-22:12
MERGED from [com.android.support:recyclerview-v7:27.1.1] AndroidManifest.xml:17:1-22:12
MERGED from [com.android.support:transition:27.1.1] AndroidManifest.xml:17:1-22:12
MERGED from [com.facebook.android:facebook-places:4.33.0] AndroidManifest.xml:21:1-31:12
MERGED from [com.facebook.android:facebook-applinks:4.33.0] AndroidManifest.xml:21:1-31:12
MERGED from [com.facebook.android:facebook-messenger:4.33.0] AndroidManifest.xml:21:1-31:12
MERGED from [com.facebook.android:facebook-core:4.33.0] AndroidManifest.xml:21:1-53:12
MERGED from [com.android.support:support-v4:27.1.1] AndroidManifest.xml:17:1-22:12
MERGED from [com.android.support:support-fragment:27.1.1] AndroidManifest.xml:17:1-22:12
MERGED from [com.android.support:animated-vector-drawable:27.1.1] AndroidManifest.xml:17:1-22:12
MERGED from [com.android.support:support-core-ui:27.1.1] AndroidManifest.xml:17:1-22:12
MERGED from [com.android.support:cardview-v7:27.0.2] AndroidManifest.xml:17:1-22:12
MERGED from [com.android.support:customtabs:27.0.2] AndroidManifest.xml:17:1-22:12
MERGED from [com.android.support:support-core-utils:27.1.1] AndroidManifest.xml:17:1-22:12
MERGED from [com.android.support:support-media-compat:27.1.1] AndroidManifest.xml:17:1-22:12
MERGED from [com.android.support:support-vector-drawable:27.1.1] AndroidManifest.xml:17:1-22:12
MERGED from [com.android.support:support-compat:27.1.1] AndroidManifest.xml:17:1-22:12
MERGED from [android.arch.lifecycle:livedata-core:1.1.0] AndroidManifest.xml:17:1-22:12
MERGED from [android.arch.lifecycle:viewmodel:1.1.0] AndroidManifest.xml:17:1-22:12
MERGED from [android.arch.lifecycle:runtime:1.1.0] AndroidManifest.xml:17:1-22:12
MERGED from [android.arch.core:runtime:1.1.0] AndroidManifest.xml:17:1-22:12
INJECTED from src\main\AndroidManifest.xml:1:1-40:12
INJECTED from src\main\AndroidManifest.xml:1:1-40:12
INJECTED from src\main\AndroidManifest.xml:1:1-40:12
	package
		ADDED from src\main\AndroidManifest.xml:2:5-42
		INJECTED from src\main\AndroidManifest.xml
		INJECTED from src\main\AndroidManifest.xml
	android:versionName
		INJECTED from src\main\AndroidManifest.xml
		ADDED from src\main\AndroidManifest.xml:1:1-40:12
		INJECTED from src\main\AndroidManifest.xml
	android:versionCode
		INJECTED from src\main\AndroidManifest.xml
		ADDED from src\main\AndroidManifest.xml:1:1-40:12
		INJECTED from src\main\AndroidManifest.xml
	xmlns:android
		ADDED from src\main\AndroidManifest.xml:1:11-69
uses-feature#android.hardware.camera
ADDED from src\main\AndroidManifest.xml:4:5-60
	android:name
		ADDED from src\main\AndroidManifest.xml:4:19-57
uses-permission#android.permission.INTERNET
ADDED from src\main\AndroidManifest.xml:6:5-67
	android:name
		ADDED from src\main\AndroidManifest.xml:6:22-64
uses-permission#android.permission.CAMERA
ADDED from src\main\AndroidManifest.xml:7:5-65
	android:name
		ADDED from src\main\AndroidManifest.xml:7:22-62
uses-permission#android.permission.WRITE_EXTERNAL_STORAGE
ADDED from src\main\AndroidManifest.xml:8:5-81
	android:name
		ADDED from src\main\AndroidManifest.xml:8:22-78
uses-permission#android.permission.READ_EXTERNAL_STORAGE
ADDED from src\main\AndroidManifest.xml:9:5-80
	android:name
		ADDED from src\main\AndroidManifest.xml:9:22-77
application
ADDED from src\main\AndroidManifest.xml:12:5-38:19
MERGED from [com.facebook.android:facebook-android-sdk:4.33.0] AndroidManifest.xml:28:5-29:19
MERGED from [com.facebook.android:facebook-android-sdk:4.33.0] AndroidManifest.xml:28:5-29:19
MERGED from [com.facebook.android:facebook-login:4.33.0] AndroidManifest.xml:28:5-29:19
MERGED from [com.facebook.android:facebook-login:4.33.0] AndroidManifest.xml:28:5-29:19
MERGED from [com.facebook.android:facebook-share:4.33.0] AndroidManifest.xml:28:5-29:19
MERGED from [com.facebook.android:facebook-share:4.33.0] AndroidManifest.xml:28:5-29:19
MERGED from [com.facebook.android:facebook-common:4.33.0] AndroidManifest.xml:28:5-34:19
MERGED from [com.facebook.android:facebook-common:4.33.0] AndroidManifest.xml:28:5-34:19
MERGED from [com.facebook.android:facebook-places:4.33.0] AndroidManifest.xml:28:5-29:19
MERGED from [com.facebook.android:facebook-places:4.33.0] AndroidManifest.xml:28:5-29:19
MERGED from [com.facebook.android:facebook-applinks:4.33.0] AndroidManifest.xml:28:5-29:19
MERGED from [com.facebook.android:facebook-applinks:4.33.0] AndroidManifest.xml:28:5-29:19
MERGED from [com.facebook.android:facebook-messenger:4.33.0] AndroidManifest.xml:28:5-29:19
MERGED from [com.facebook.android:facebook-messenger:4.33.0] AndroidManifest.xml:28:5-29:19
MERGED from [com.facebook.android:facebook-core:4.33.0] AndroidManifest.xml:28:5-51:19
MERGED from [com.facebook.android:facebook-core:4.33.0] AndroidManifest.xml:28:5-51:19
	android:supportsRtl
		ADDED from src\main\AndroidManifest.xml:17:9-35
	android:label
		ADDED from src\main\AndroidManifest.xml:15:9-41
	android:icon
		ADDED from src\main\AndroidManifest.xml:14:9-43
	android:allowBackup
		ADDED from src\main\AndroidManifest.xml:13:9-35
	android:theme
		ADDED from src\main\AndroidManifest.xml:18:9-40
	android:logo
		ADDED from src\main\AndroidManifest.xml:16:9-43
activity#com.devmasterteam.photicker.views.MainActivity
ADDED from src\main\AndroidManifest.xml:19:9-27:20
	android:screenOrientation
		ADDED from src\main\AndroidManifest.xml:21:13-49
	android:name
		ADDED from src\main\AndroidManifest.xml:20:13-47
intent-filter#action:name:android.intent.action.MAIN+category:name:android.intent.category.LAUNCHER
ADDED from src\main\AndroidManifest.xml:22:13-26:29
action#android.intent.action.MAIN
ADDED from src\main\AndroidManifest.xml:23:17-69
	android:name
		ADDED from src\main\AndroidManifest.xml:23:25-66
category#android.intent.category.LAUNCHER
ADDED from src\main\AndroidManifest.xml:25:17-77
	android:name
		ADDED from src\main\AndroidManifest.xml:25:27-74
meta-data#com.facebook.sdk.ApplicationId
ADDED from src\main\AndroidManifest.xml:29:9-31:55
	android:value
		ADDED from src\main\AndroidManifest.xml:31:13-52
	android:name
		ADDED from src\main\AndroidManifest.xml:30:13-58
provider#com.facebook.FacebookContentProvider
ADDED from src\main\AndroidManifest.xml:32:9-35:39
	android:authorities
		ADDED from src\main\AndroidManifest.xml:33:13-90
	android:exported
		ADDED from src\main\AndroidManifest.xml:35:13-36
	android:name
		ADDED from src\main\AndroidManifest.xml:34:13-64
uses-sdk
INJECTED from src\main\AndroidManifest.xml reason: use-sdk injection requested
INJECTED from src\main\AndroidManifest.xml
INJECTED from src\main\AndroidManifest.xml
MERGED from [com.android.support:design:27.1.1] AndroidManifest.xml:20:5-44
MERGED from [com.android.support:design:27.1.1] AndroidManifest.xml:20:5-44
MERGED from [com.facebook.android:facebook-android-sdk:4.33.0] AndroidManifest.xml:24:5-26:41
MERGED from [com.facebook.android:facebook-android-sdk:4.33.0] AndroidManifest.xml:24:5-26:41
MERGED from [com.facebook.android:facebook-login:4.33.0] AndroidManifest.xml:24:5-26:41
MERGED from [com.facebook.android:facebook-login:4.33.0] AndroidManifest.xml:24:5-26:41
MERGED from [com.facebook.android:facebook-share:4.33.0] AndroidManifest.xml:24:5-26:41
MERGED from [com.facebook.android:facebook-share:4.33.0] AndroidManifest.xml:24:5-26:41
MERGED from [com.facebook.android:facebook-common:4.33.0] AndroidManifest.xml:24:5-26:41
MERGED from [com.facebook.android:facebook-common:4.33.0] AndroidManifest.xml:24:5-26:41
MERGED from [com.android.support:appcompat-v7:27.1.1] AndroidManifest.xml:20:5-44
MERGED from [com.android.support:appcompat-v7:27.1.1] AndroidManifest.xml:20:5-44
MERGED from [com.android.support:recyclerview-v7:27.1.1] AndroidManifest.xml:20:5-44
MERGED from [com.android.support:recyclerview-v7:27.1.1] AndroidManifest.xml:20:5-44
MERGED from [com.android.support:transition:27.1.1] AndroidManifest.xml:20:5-44
MERGED from [com.android.support:transition:27.1.1] AndroidManifest.xml:20:5-44
MERGED from [com.facebook.android:facebook-places:4.33.0] AndroidManifest.xml:24:5-26:41
MERGED from [com.facebook.android:facebook-places:4.33.0] AndroidManifest.xml:24:5-26:41
MERGED from [com.facebook.android:facebook-applinks:4.33.0] AndroidManifest.xml:24:5-26:41
MERGED from [com.facebook.android:facebook-applinks:4.33.0] AndroidManifest.xml:24:5-26:41
MERGED from [com.facebook.android:facebook-messenger:4.33.0] AndroidManifest.xml:24:5-26:41
MERGED from [com.facebook.android:facebook-messenger:4.33.0] AndroidManifest.xml:24:5-26:41
MERGED from [com.facebook.android:facebook-core:4.33.0] AndroidManifest.xml:24:5-26:41
MERGED from [com.facebook.android:facebook-core:4.33.0] AndroidManifest.xml:24:5-26:41
MERGED from [com.android.support:support-v4:27.1.1] AndroidManifest.xml:20:5-44
MERGED from [com.android.support:support-v4:27.1.1] AndroidManifest.xml:20:5-44
MERGED from [com.android.support:support-fragment:27.1.1] AndroidManifest.xml:20:5-44
MERGED from [com.android.support:support-fragment:27.1.1] AndroidManifest.xml:20:5-44
MERGED from [com.android.support:animated-vector-drawable:27.1.1] AndroidManifest.xml:20:5-44
MERGED from [com.android.support:animated-vector-drawable:27.1.1] AndroidManifest.xml:20:5-44
MERGED from [com.android.support:support-core-ui:27.1.1] AndroidManifest.xml:20:5-44
MERGED from [com.android.support:support-core-ui:27.1.1] AndroidManifest.xml:20:5-44
MERGED from [com.android.support:cardview-v7:27.0.2] AndroidManifest.xml:20:5-44
MERGED from [com.android.support:cardview-v7:27.0.2] AndroidManifest.xml:20:5-44
MERGED from [com.android.support:customtabs:27.0.2] AndroidManifest.xml:20:5-44
MERGED from [com.android.support:customtabs:27.0.2] AndroidManifest.xml:20:5-44
MERGED from [com.android.support:support-core-utils:27.1.1] AndroidManifest.xml:20:5-44
MERGED from [com.android.support:support-core-utils:27.1.1] AndroidManifest.xml:20:5-44
MERGED from [com.android.support:support-media-compat:27.1.1] AndroidManifest.xml:20:5-44
MERGED from [com.android.support:support-media-compat:27.1.1] AndroidManifest.xml:20:5-44
MERGED from [com.android.support:support-vector-drawable:27.1.1] AndroidManifest.xml:20:5-44
MERGED from [com.android.support:support-vector-drawable:27.1.1] AndroidManifest.xml:20:5-44
MERGED from [com.android.support:support-compat:27.1.1] AndroidManifest.xml:20:5-44
MERGED from [com.android.support:support-compat:27.1.1] AndroidManifest.xml:20:5-44
MERGED from [android.arch.lifecycle:livedata-core:1.1.0] AndroidManifest.xml:20:5-44
MERGED from [android.arch.lifecycle:livedata-core:1.1.0] AndroidManifest.xml:20:5-44
MERGED from [android.arch.lifecycle:viewmodel:1.1.0] AndroidManifest.xml:20:5-44
MERGED from [android.arch.lifecycle:viewmodel:1.1.0] AndroidManifest.xml:20:5-44
MERGED from [android.arch.lifecycle:runtime:1.1.0] AndroidManifest.xml:20:5-44
MERGED from [android.arch.lifecycle:runtime:1.1.0] AndroidManifest.xml:20:5-44
MERGED from [android.arch.core:runtime:1.1.0] AndroidManifest.xml:20:5-44
MERGED from [android.arch.core:runtime:1.1.0] AndroidManifest.xml:20:5-44
INJECTED from src\main\AndroidManifest.xml
INJECTED from src\main\AndroidManifest.xml
	android:targetSdkVersion
		INJECTED from src\main\AndroidManifest.xml
		ADDED from src\main\AndroidManifest.xml
		INJECTED from src\main\AndroidManifest.xml
	android:minSdkVersion
		INJECTED from src\main\AndroidManifest.xml
		ADDED from src\main\AndroidManifest.xml
		INJECTED from src\main\AndroidManifest.xml
activity#com.facebook.FacebookActivity
ADDED from [com.facebook.android:facebook-common:4.33.0] AndroidManifest.xml:29:9-32:66
	android:configChanges
		ADDED from [com.facebook.android:facebook-common:4.33.0] AndroidManifest.xml:31:13-96
	android:theme
		ADDED from [com.facebook.android:facebook-common:4.33.0] AndroidManifest.xml:32:13-63
	android:name
		ADDED from [com.facebook.android:facebook-common:4.33.0] AndroidManifest.xml:30:13-57
activity#com.facebook.CustomTabMainActivity
ADDED from [com.facebook.android:facebook-common:4.33.0] AndroidManifest.xml:33:9-71
	android:name
		ADDED from [com.facebook.android:facebook-common:4.33.0] AndroidManifest.xml:33:19-68
provider#com.facebook.internal.FacebookInitProvider
ADDED from [com.facebook.android:facebook-core:4.33.0] AndroidManifest.xml:39:9-42:40
	android:authorities
		ADDED from [com.facebook.android:facebook-core:4.33.0] AndroidManifest.xml:41:13-72
	android:exported
		ADDED from [com.facebook.android:facebook-core:4.33.0] AndroidManifest.xml:42:13-37
	android:name
		ADDED from [com.facebook.android:facebook-core:4.33.0] AndroidManifest.xml:40:13-70
receiver#com.facebook.CurrentAccessTokenExpirationBroadcastReceiver
ADDED from [com.facebook.android:facebook-core:4.33.0] AndroidManifest.xml:44:9-50:20
	android:exported
		ADDED from [com.facebook.android:facebook-core:4.33.0] AndroidManifest.xml:46:13-37
	android:name
		ADDED from [com.facebook.android:facebook-core:4.33.0] AndroidManifest.xml:45:13-86
intent-filter#action:name:com.facebook.sdk.ACTION_CURRENT_ACCESS_TOKEN_CHANGED
ADDED from [com.facebook.android:facebook-core:4.33.0] AndroidManifest.xml:47:13-49:29
action#com.facebook.sdk.ACTION_CURRENT_ACCESS_TOKEN_CHANGED
ADDED from [com.facebook.android:facebook-core:4.33.0] AndroidManifest.xml:48:17-95
	android:name
		ADDED from [com.facebook.android:facebook-core:4.33.0] AndroidManifest.xml:48:25-92